0 info it worked if it ends with ok
1 verbose cli [ 'node', '/home/chazz/.node/bin/npm', 'install', 'debugger' ]
2 info using npm@2.13.0
3 info using node@v0.10.35
4 verbose install initial load of /home/chazz/Git/lab2-adv-track/F2-JavaScript-lab2-adv-track/package.json
5 warn package.json F2-JavaScript-lab2-adv-track@0.0.0 No license field.
6 verbose installManyTop reading scoped package data from /home/chazz/Git/lab2-adv-track/F2-JavaScript-lab2-adv-track/node_modules/grunt/package.json
7 verbose installManyTop reading scoped package data from /home/chazz/Git/lab2-adv-track/F2-JavaScript-lab2-adv-track/node_modules/grunt-cli/package.json
8 verbose installManyTop reading scoped package data from /home/chazz/Git/lab2-adv-track/F2-JavaScript-lab2-adv-track/node_modules/grunt-contrib-jshint/package.json
9 verbose installManyTop reading scoped package data from /home/chazz/Git/lab2-adv-track/F2-JavaScript-lab2-adv-track/node_modules/grunt-jscs/package.json
10 info package.json grunt@0.4.5 No license field.
11 info package.json grunt-cli@0.1.13 No license field.
12 info package.json grunt-contrib-jshint@0.10.0 No license field.
13 verbose readDependencies loading dependencies from /home/chazz/Git/lab2-adv-track/F2-JavaScript-lab2-adv-track/package.json
14 silly cache add args [ 'debugger', null ]
15 verbose cache add spec debugger
16 silly cache add parsed spec { raw: 'debugger',
16 silly cache add   scope: null,
16 silly cache add   name: 'debugger',
16 silly cache add   rawSpec: '',
16 silly cache add   spec: '*',
16 silly cache add   type: 'range' }
17 silly addNamed debugger@*
18 verbose addNamed "*" is a valid semver range for debugger
19 silly addNameRange { name: 'debugger', range: '*', hasData: false }
20 silly mapToRegistry name debugger
21 silly mapToRegistry using default registry
22 silly mapToRegistry registry https://registry.npmjs.org/
23 silly mapToRegistry uri https://registry.npmjs.org/debugger
24 verbose addNameRange registry:https://registry.npmjs.org/debugger not in flight; fetching
25 verbose request uri https://registry.npmjs.org/debugger
26 verbose request no auth needed
27 info attempt registry request try #1 at 18:42:58
28 verbose request id ca7b345d5c497a06
29 http request GET https://registry.npmjs.org/debugger
30 http 200 https://registry.npmjs.org/debugger
31 silly get cb [ 200,
31 silly get   { server: 'CouchDB/1.5.0 (Erlang OTP/R16B03)',
31 silly get     etag: '"8XG04L4VDTU08D0F1ZOLYX4H"',
31 silly get     'content-type': 'application/json',
31 silly get     'cache-control': 'max-age=60',
31 silly get     'content-length': '1312',
31 silly get     'accept-ranges': 'bytes',
31 silly get     date: 'Mon, 20 Jul 2015 01:42:58 GMT',
31 silly get     via: '1.1 varnish',
31 silly get     age: '0',
31 silly get     connection: 'keep-alive',
31 silly get     'x-served-by': 'cache-lax1423-LAX',
31 silly get     'x-cache': 'MISS',
31 silly get     'x-cache-hits': '0',
31 silly get     'x-timer': 'S1437356578.179127,VS0,VE48',
31 silly get     vary: 'Accept' } ]
32 verbose get saving debugger to /home/chazz/.npm/registry.npmjs.org/debugger/.cache.json
33 silly addNameRange number 2 { name: 'debugger', range: '*', hasData: true }
34 silly addNameRange versions [ 'debugger', [ '0.0.1' ] ]
35 silly addNamed debugger@0.0.1
36 verbose addNamed "0.0.1" is a plain semver version for debugger
37 silly mapToRegistry name debugger
38 silly mapToRegistry using default registry
39 silly mapToRegistry registry https://registry.npmjs.org/
40 silly mapToRegistry uri https://registry.npmjs.org/debugger
41 verbose addRemoteTarball https://registry.npmjs.org/debugger/-/debugger-0.0.1.tgz not in flight; adding
42 verbose addRemoteTarball [ 'https://registry.npmjs.org/debugger/-/debugger-0.0.1.tgz',
42 verbose addRemoteTarball   'ceedd094bb5e203bb534fd74a33132dfb7a73787' ]
43 info retry fetch attempt 1 at 18:42:58
44 info attempt registry request try #1 at 18:42:58
45 http fetch GET https://registry.npmjs.org/debugger/-/debugger-0.0.1.tgz
46 http fetch 200 https://registry.npmjs.org/debugger/-/debugger-0.0.1.tgz
47 silly fetchAndShaCheck shasum ceedd094bb5e203bb534fd74a33132dfb7a73787
48 verbose addTmpTarball /tmp/npm-11298-26455da6/registry.npmjs.org/debugger/-/debugger-0.0.1.tgz not in flight; adding
49 verbose addTmpTarball already have metadata; skipping unpack for debugger@0.0.1
50 silly cache afterAdd debugger@0.0.1
51 verbose afterAdd /home/chazz/.npm/debugger/0.0.1/package/package.json not in flight; writing
52 verbose afterAdd /home/chazz/.npm/debugger/0.0.1/package/package.json written
53 silly install resolved [ { name: 'debugger',
53 silly install resolved     version: '0.0.1',
53 silly install resolved     author: { name: 'Camilo Aguilar - http://github.com/c4milo' },
53 silly install resolved     email: 'camilo@cloudescape.com',
53 silly install resolved     description: 'v8 debug bindings for nodejs',
53 silly install resolved     repositories: [ [Object] ],
53 silly install resolved     devDependencies: { mocha: '0.14.1', should: '0.6.0' },
53 silly install resolved     scripts: { install: 'make' },
53 silly install resolved     main: './debugger.node',
53 silly install resolved     _npmUser: { name: 'c4milo', email: 'camilo.aguilar@gmail.com' },
53 silly install resolved     _id: 'debugger@0.0.1',
53 silly install resolved     dependencies: {},
53 silly install resolved     optionalDependencies: {},
53 silly install resolved     engines: { node: '*' },
53 silly install resolved     _engineSupported: true,
53 silly install resolved     _npmVersion: '1.1.12',
53 silly install resolved     _nodeVersion: 'v0.6.14',
53 silly install resolved     _defaultsLoaded: true,
53 silly install resolved     dist:
53 silly install resolved      { shasum: 'ceedd094bb5e203bb534fd74a33132dfb7a73787',
53 silly install resolved        tarball: 'http://registry.npmjs.org/debugger/-/debugger-0.0.1.tgz' },
53 silly install resolved     maintainers: [ [Object] ],
53 silly install resolved     directories: {},
53 silly install resolved     _shasum: 'ceedd094bb5e203bb534fd74a33132dfb7a73787',
53 silly install resolved     _resolved: 'https://registry.npmjs.org/debugger/-/debugger-0.0.1.tgz',
53 silly install resolved     _from: 'debugger@*' } ]
54 info install debugger@0.0.1 into /home/chazz/Git/lab2-adv-track/F2-JavaScript-lab2-adv-track
55 info installOne debugger@0.0.1
56 verbose installOne of debugger to /home/chazz/Git/lab2-adv-track/F2-JavaScript-lab2-adv-track not in flight; installing
57 verbose lock using /home/chazz/.npm/_locks/debugger-cf9ba1c7429aee02.lock for /home/chazz/Git/lab2-adv-track/F2-JavaScript-lab2-adv-track/node_modules/debugger
58 silly install write writing debugger 0.0.1 to /home/chazz/Git/lab2-adv-track/F2-JavaScript-lab2-adv-track/node_modules/debugger
59 verbose unbuild node_modules/debugger
60 silly gentlyRm /home/chazz/Git/lab2-adv-track/F2-JavaScript-lab2-adv-track/node_modules/debugger is being purged from base /home/chazz/Git/lab2-adv-track/F2-JavaScript-lab2-adv-track
61 verbose gentlyRm don't care about contents; nuking /home/chazz/Git/lab2-adv-track/F2-JavaScript-lab2-adv-track/node_modules/debugger
62 verbose tar unpack /home/chazz/.npm/debugger/0.0.1/package.tgz
63 verbose tar unpacking to /home/chazz/Git/lab2-adv-track/F2-JavaScript-lab2-adv-track/node_modules/debugger
64 silly gentlyRm /home/chazz/Git/lab2-adv-track/F2-JavaScript-lab2-adv-track/node_modules/debugger is being purged
65 verbose gentlyRm don't care about contents; nuking /home/chazz/Git/lab2-adv-track/F2-JavaScript-lab2-adv-track/node_modules/debugger
66 silly gunzTarPerm modes [ '775', '664' ]
67 silly gunzTarPerm extractEntry .npmignore
68 silly gunzTarPerm modified mode [ '.npmignore', 420, 436 ]
69 silly gunzTarPerm extractEntry debugger.js
70 silly gunzTarPerm modified mode [ 'debugger.js', 420, 436 ]
71 silly gunzTarPerm extractEntry Makefile
72 silly gunzTarPerm modified mode [ 'Makefile', 420, 436 ]
73 silly gunzTarPerm extractEntry package.json
74 silly gunzTarPerm modified mode [ 'package.json', 420, 436 ]
75 silly gunzTarPerm extractEntry README.md
76 silly gunzTarPerm modified mode [ 'README.md', 420, 436 ]
77 silly gunzTarPerm extractEntry spec/
78 silly gunzTarPerm modified mode [ 'spec/', 493, 509 ]
79 silly gunzTarPerm extractEntry spec/debugger.spec.js
80 silly gunzTarPerm modified mode [ 'spec/debugger.spec.js', 420, 436 ]
81 silly gunzTarPerm extractEntry src/
82 silly gunzTarPerm modified mode [ 'src/', 493, 509 ]
83 silly gunzTarPerm extractEntry src/bindings.cc
84 silly gunzTarPerm modified mode [ 'src/bindings.cc', 420, 436 ]
85 silly gunzTarPerm extractEntry src/debugger.cc
86 silly gunzTarPerm modified mode [ 'src/debugger.cc', 420, 436 ]
87 silly gunzTarPerm extractEntry src/debugger.h
88 silly gunzTarPerm modified mode [ 'src/debugger.h', 420, 436 ]
89 silly gunzTarPerm extractEntry src/wscript
90 silly gunzTarPerm modified mode [ 'src/wscript', 420, 436 ]
91 silly gunzTarPerm extractEntry wscript
92 silly gunzTarPerm modified mode [ 'wscript', 420, 436 ]
93 verbose write writing to /home/chazz/Git/lab2-adv-track/F2-JavaScript-lab2-adv-track/node_modules/debugger/package.json
94 info preinstall debugger@0.0.1
95 verbose readDependencies loading dependencies from /home/chazz/Git/lab2-adv-track/F2-JavaScript-lab2-adv-track/node_modules/debugger/package.json
96 verbose readDependencies loading dependencies from /home/chazz/Git/lab2-adv-track/F2-JavaScript-lab2-adv-track/node_modules/debugger/package.json
97 silly install resolved []
98 verbose about to build /home/chazz/Git/lab2-adv-track/F2-JavaScript-lab2-adv-track/node_modules/debugger
99 info build /home/chazz/Git/lab2-adv-track/F2-JavaScript-lab2-adv-track/node_modules/debugger
100 info linkStuff debugger@0.0.1
101 silly linkStuff debugger@0.0.1 has /home/chazz/Git/lab2-adv-track/F2-JavaScript-lab2-adv-track/node_modules as its parent node_modules
102 verbose linkBins debugger@0.0.1
103 verbose linkMans debugger@0.0.1
104 verbose rebuildBundles debugger@0.0.1
105 info install debugger@0.0.1
106 verbose unsafe-perm in lifecycle true
107 info debugger@0.0.1 Failed to exec install script
108 verbose unlock done using /home/chazz/.npm/_locks/debugger-cf9ba1c7429aee02.lock for /home/chazz/Git/lab2-adv-track/F2-JavaScript-lab2-adv-track/node_modules/debugger
109 verbose stack Error: debugger@0.0.1 install: `make`
109 verbose stack Exit status 2
109 verbose stack     at EventEmitter.<anonymous> (/home/chazz/.node/lib/node_modules/npm/lib/utils/lifecycle.js:213:16)
109 verbose stack     at EventEmitter.emit (events.js:98:17)
109 verbose stack     at ChildProcess.<anonymous> (/home/chazz/.node/lib/node_modules/npm/lib/utils/spawn.js:24:14)
109 verbose stack     at ChildProcess.emit (events.js:98:17)
109 verbose stack     at maybeClose (child_process.js:766:16)
109 verbose stack     at Process.ChildProcess._handle.onexit (child_process.js:833:5)
110 verbose pkgid debugger@0.0.1
111 verbose cwd /home/chazz/Git/lab2-adv-track/F2-JavaScript-lab2-adv-track
112 error Linux 3.16.0-43-generic
113 error argv "node" "/home/chazz/.node/bin/npm" "install" "debugger"
114 error node v0.10.35
115 error npm  v2.13.0
116 error code ELIFECYCLE
117 error debugger@0.0.1 install: `make`
117 error Exit status 2
118 error Failed at the debugger@0.0.1 install script 'make'.
118 error This is most likely a problem with the debugger package,
118 error not with npm itself.
118 error Tell the author that this fails on your system:
118 error     make
118 error You can get their info via:
118 error     npm owner ls debugger
118 error There is likely additional logging output above.
119 verbose exit [ 1, true ]
120 verbose unbuild node_modules/debugger
121 info preuninstall debugger@0.0.1
122 info uninstall debugger@0.0.1
123 verbose unbuild rmStuff debugger@0.0.1 from /home/chazz/Git/lab2-adv-track/F2-JavaScript-lab2-adv-track/node_modules
124 info postuninstall debugger@0.0.1
125 silly gentlyRm /home/chazz/Git/lab2-adv-track/F2-JavaScript-lab2-adv-track/node_modules/debugger is being purged from base /home/chazz/Git/lab2-adv-track/F2-JavaScript-lab2-adv-track
126 verbose gentlyRm don't care about contents; nuking /home/chazz/Git/lab2-adv-track/F2-JavaScript-lab2-adv-track/node_modules/debugger
127 silly vacuum-fs purging /home/chazz/Git/lab2-adv-track/F2-JavaScript-lab2-adv-track/node_modules/debugger
128 silly vacuum-fs quitting because other entries in /home/chazz/Git/lab2-adv-track/F2-JavaScript-lab2-adv-track/node_modules
